{"/home/hamkam/programming/webd/MPG1/backend/app.js": {"path":"/home/hamkam/programming/webd/MPG1/backend/app.js","statementMap":{"0":{"start":{"line":3,"column":16},"end":{"line":3,"column":34}},"1":{"start":{"line":4,"column":12},"end":{"line":4,"column":21}},"2":{"start":{"line":6,"column":17},"end":{"line":6,"column":36}},"3":{"start":{"line":8,"column":20},"end":{"line":8,"column":56}},"4":{"start":{"line":9,"column":19},"end":{"line":9,"column":54}},"5":{"start":{"line":10,"column":20},"end":{"line":10,"column":56}},"6":{"start":{"line":11,"column":24},"end":{"line":11,"column":64}},"7":{"start":{"line":12,"column":22},"end":{"line":12,"column":60}},"8":{"start":{"line":13,"column":20},"end":{"line":13,"column":56}},"9":{"start":{"line":15,"column":13},"end":{"line":15,"column":28}},"10":{"start":{"line":16,"column":19},"end":{"line":16,"column":48}},"11":{"start":{"line":17,"column":15},"end":{"line":17,"column":40}},"12":{"start":{"line":18,"column":15},"end":{"line":18,"column":32}},"13":{"start":{"line":20,"column":15},"end":{"line":20,"column":40}},"14":{"start":{"line":22,"column":0},"end":{"line":22,"column":16}},"15":{"start":{"line":23,"column":0},"end":{"line":23,"column":24}},"16":{"start":{"line":24,"column":0},"end":{"line":26,"column":2}},"17":{"start":{"line":27,"column":0},"end":{"line":40,"column":7}},"18":{"start":{"line":33,"column":8},"end":{"line":36,"column":10}},"19":{"start":{"line":39,"column":8},"end":{"line":39,"column":28}},"20":{"start":{"line":41,"column":0},"end":{"line":41,"column":35}},"21":{"start":{"line":42,"column":0},"end":{"line":42,"column":34}},"22":{"start":{"line":43,"column":0},"end":{"line":43,"column":35}},"23":{"start":{"line":44,"column":0},"end":{"line":44,"column":35}},"24":{"start":{"line":45,"column":0},"end":{"line":45,"column":37}},"25":{"start":{"line":46,"column":0},"end":{"line":46,"column":40}},"26":{"start":{"line":47,"column":0},"end":{"line":47,"column":40}},"27":{"start":{"line":48,"column":0},"end":{"line":48,"column":33}},"28":{"start":{"line":49,"column":0},"end":{"line":49,"column":43}},"29":{"start":{"line":50,"column":0},"end":{"line":50,"column":21}}},"fnMap":{"0":{"name":"(anonymous_0)","decl":{"start":{"line":32,"column":10},"end":{"line":32,"column":11}},"loc":{"start":{"line":32,"column":22},"end":{"line":37,"column":5}},"line":32},"1":{"name":"(anonymous_1)","decl":{"start":{"line":38,"column":11},"end":{"line":38,"column":12}},"loc":{"start":{"line":38,"column":22},"end":{"line":40,"column":5}},"line":38}},"branchMap":{},"s":{"0":5,"1":5,"2":5,"3":5,"4":5,"5":5,"6":5,"7":5,"8":5,"9":5,"10":5,"11":5,"12":5,"13":5,"14":5,"15":5,"16":5,"17":5,"18":5,"19":0,"20":5,"21":5,"22":5,"23":5,"24":5,"25":5,"26":5,"27":5,"28":5,"29":5},"f":{"0":5,"1":0},"b":{},"_coverageSchema":"1a1c01bbd47fc00a2c39e90264f33305004495a9","hash":"015c626f341f4d29b014985b4c9f00e363706c99"}
,"/home/hamkam/programming/webd/MPG1/backend/controllers/commentRouter.js": {"path":"/home/hamkam/programming/webd/MPG1/backend/controllers/commentRouter.js","statementMap":{"0":{"start":{"line":1,"column":22},"end":{"line":1,"column":49}},"1":{"start":{"line":2,"column":16},"end":{"line":2,"column":45}},"2":{"start":{"line":7,"column":4},"end":{"line":7,"column":34}},"3":{"start":{"line":8,"column":0},"end":{"line":8,"column":32}},"4":{"start":{"line":10,"column":0},"end":{"line":26,"column":2}},"5":{"start":{"line":15,"column":21},"end":{"line":15,"column":33}},"6":{"start":{"line":16,"column":24},"end":{"line":20,"column":10}},"7":{"start":{"line":21,"column":27},"end":{"line":21,"column":47}},"8":{"start":{"line":22,"column":8},"end":{"line":22,"column":77}},"9":{"start":{"line":23,"column":8},"end":{"line":23,"column":34}},"10":{"start":{"line":24,"column":8},"end":{"line":24,"column":46}},"11":{"start":{"line":28,"column":0},"end":{"line":34,"column":3}},"12":{"start":{"line":29,"column":21},"end":{"line":32,"column":6}},"13":{"start":{"line":33,"column":4},"end":{"line":33,"column":40}},"14":{"start":{"line":35,"column":0},"end":{"line":38,"column":3}},"15":{"start":{"line":36,"column":20},"end":{"line":36,"column":61}},"16":{"start":{"line":37,"column":4},"end":{"line":37,"column":39}},"17":{"start":{"line":40,"column":0},"end":{"line":55,"column":2}},"18":{"start":{"line":45,"column":31},"end":{"line":52,"column":9}},"19":{"start":{"line":53,"column":8},"end":{"line":53,"column":50}},"20":{"start":{"line":57,"column":0},"end":{"line":65,"column":2}},"21":{"start":{"line":62,"column":8},"end":{"line":62,"column":59}},"22":{"start":{"line":63,"column":8},"end":{"line":63,"column":68}},"23":{"start":{"line":67,"column":0},"end":{"line":67,"column":31}}},"fnMap":{"0":{"name":"(anonymous_0)","decl":{"start":{"line":14,"column":4},"end":{"line":14,"column":5}},"loc":{"start":{"line":14,"column":33},"end":{"line":25,"column":5}},"line":14},"1":{"name":"(anonymous_1)","decl":{"start":{"line":28,"column":23},"end":{"line":28,"column":24}},"loc":{"start":{"line":28,"column":52},"end":{"line":34,"column":1}},"line":28},"2":{"name":"(anonymous_2)","decl":{"start":{"line":35,"column":26},"end":{"line":35,"column":27}},"loc":{"start":{"line":35,"column":55},"end":{"line":38,"column":1}},"line":35},"3":{"name":"(anonymous_3)","decl":{"start":{"line":44,"column":4},"end":{"line":44,"column":5}},"loc":{"start":{"line":44,"column":33},"end":{"line":54,"column":5}},"line":44},"4":{"name":"(anonymous_4)","decl":{"start":{"line":61,"column":4},"end":{"line":61,"column":5}},"loc":{"start":{"line":61,"column":33},"end":{"line":64,"column":5}},"line":61}},"branchMap":{},"s":{"0":5,"1":5,"2":5,"3":5,"4":5,"5":3,"6":3,"7":3,"8":2,"9":2,"10":2,"11":5,"12":1,"13":1,"14":5,"15":2,"16":1,"17":5,"18":2,"19":1,"20":5,"21":1,"22":1,"23":5},"f":{"0":3,"1":1,"2":2,"3":2,"4":1},"b":{},"_coverageSchema":"1a1c01bbd47fc00a2c39e90264f33305004495a9","hash":"bb8b285add40993da867b2393433212b132f7a57"}
,"/home/hamkam/programming/webd/MPG1/backend/controllers/communityRouter.js": {"path":"/home/hamkam/programming/webd/MPG1/backend/controllers/communityRouter.js","statementMap":{"0":{"start":{"line":1,"column":24},"end":{"line":1,"column":51}},"1":{"start":{"line":2,"column":18},"end":{"line":2,"column":50}},"2":{"start":{"line":3,"column":46},"end":{"line":3,"column":76}},"3":{"start":{"line":5,"column":0},"end":{"line":5,"column":32}},"4":{"start":{"line":7,"column":0},"end":{"line":16,"column":3}},"5":{"start":{"line":8,"column":17},"end":{"line":8,"column":29}},"6":{"start":{"line":9,"column":22},"end":{"line":13,"column":6}},"7":{"start":{"line":14,"column":25},"end":{"line":14,"column":47}},"8":{"start":{"line":15,"column":4},"end":{"line":15,"column":44}},"9":{"start":{"line":18,"column":0},"end":{"line":21,"column":3}},"10":{"start":{"line":19,"column":24},"end":{"line":19,"column":48}},"11":{"start":{"line":20,"column":4},"end":{"line":20,"column":43}},"12":{"start":{"line":22,"column":0},"end":{"line":29,"column":3}},"13":{"start":{"line":23,"column":15},"end":{"line":23,"column":32}},"14":{"start":{"line":24,"column":22},"end":{"line":24,"column":50}},"15":{"start":{"line":25,"column":4},"end":{"line":27,"column":5}},"16":{"start":{"line":26,"column":8},"end":{"line":26,"column":40}},"17":{"start":{"line":28,"column":4},"end":{"line":28,"column":41}},"18":{"start":{"line":30,"column":0},"end":{"line":50,"column":2}},"19":{"start":{"line":35,"column":19},"end":{"line":35,"column":36}},"20":{"start":{"line":36,"column":26},"end":{"line":39,"column":9}},"21":{"start":{"line":40,"column":33},"end":{"line":47,"column":9}},"22":{"start":{"line":48,"column":8},"end":{"line":48,"column":52}},"23":{"start":{"line":52,"column":0},"end":{"line":61,"column":2}},"24":{"start":{"line":57,"column":19},"end":{"line":57,"column":36}},"25":{"start":{"line":58,"column":8},"end":{"line":58,"column":46}},"26":{"start":{"line":59,"column":8},"end":{"line":59,"column":68}},"27":{"start":{"line":63,"column":0},"end":{"line":63,"column":33}}},"fnMap":{"0":{"name":"(anonymous_0)","decl":{"start":{"line":7,"column":41},"end":{"line":7,"column":42}},"loc":{"start":{"line":7,"column":70},"end":{"line":16,"column":1}},"line":7},"1":{"name":"(anonymous_1)","decl":{"start":{"line":18,"column":25},"end":{"line":18,"column":26}},"loc":{"start":{"line":18,"column":54},"end":{"line":21,"column":1}},"line":18},"2":{"name":"(anonymous_2)","decl":{"start":{"line":22,"column":28},"end":{"line":22,"column":29}},"loc":{"start":{"line":22,"column":57},"end":{"line":29,"column":1}},"line":22},"3":{"name":"(anonymous_3)","decl":{"start":{"line":34,"column":4},"end":{"line":34,"column":5}},"loc":{"start":{"line":34,"column":33},"end":{"line":49,"column":5}},"line":34},"4":{"name":"(anonymous_4)","decl":{"start":{"line":56,"column":4},"end":{"line":56,"column":5}},"loc":{"start":{"line":56,"column":33},"end":{"line":60,"column":5}},"line":56}},"branchMap":{"0":{"loc":{"start":{"line":25,"column":4},"end":{"line":27,"column":5}},"type":"if","locations":[{"start":{"line":25,"column":4},"end":{"line":27,"column":5}},{"start":{"line":25,"column":4},"end":{"line":27,"column":5}}],"line":25}},"s":{"0":5,"1":5,"2":5,"3":5,"4":5,"5":3,"6":3,"7":3,"8":1,"9":5,"10":1,"11":1,"12":5,"13":3,"14":3,"15":2,"16":1,"17":1,"18":5,"19":2,"20":2,"21":2,"22":1,"23":5,"24":1,"25":1,"26":1,"27":5},"f":{"0":3,"1":1,"2":3,"3":2,"4":1},"b":{"0":[1,1]},"_coverageSchema":"1a1c01bbd47fc00a2c39e90264f33305004495a9","hash":"0db78d17f69141a99f58c16623e920e35e48a6a9"}
,"/home/hamkam/programming/webd/MPG1/backend/controllers/loginRouter.js": {"path":"/home/hamkam/programming/webd/MPG1/backend/controllers/loginRouter.js","statementMap":{"0":{"start":{"line":1,"column":15},"end":{"line":1,"column":32}},"1":{"start":{"line":2,"column":12},"end":{"line":2,"column":35}},"2":{"start":{"line":3,"column":13},"end":{"line":3,"column":39}},"3":{"start":{"line":4,"column":20},"end":{"line":4,"column":47}},"4":{"start":{"line":5,"column":15},"end":{"line":5,"column":41}},"5":{"start":{"line":6,"column":0},"end":{"line":6,"column":32}},"6":{"start":{"line":8,"column":0},"end":{"line":26,"column":3}},"7":{"start":{"line":9,"column":17},"end":{"line":9,"column":29}},"8":{"start":{"line":10,"column":17},"end":{"line":10,"column":64}},"9":{"start":{"line":11,"column":26},"end":{"line":13,"column":64}},"10":{"start":{"line":14,"column":4},"end":{"line":16,"column":5}},"11":{"start":{"line":15,"column":8},"end":{"line":15,"column":42}},"12":{"start":{"line":17,"column":18},"end":{"line":24,"column":5}},"13":{"start":{"line":25,"column":4},"end":{"line":25,"column":80}},"14":{"start":{"line":28,"column":0},"end":{"line":28,"column":29}}},"fnMap":{"0":{"name":"(anonymous_0)","decl":{"start":{"line":8,"column":22},"end":{"line":8,"column":23}},"loc":{"start":{"line":8,"column":51},"end":{"line":26,"column":1}},"line":8}},"branchMap":{"0":{"loc":{"start":{"line":11,"column":26},"end":{"line":13,"column":64}},"type":"cond-expr","locations":[{"start":{"line":12,"column":10},"end":{"line":12,"column":14}},{"start":{"line":13,"column":10},"end":{"line":13,"column":64}}],"line":11},"1":{"loc":{"start":{"line":14,"column":4},"end":{"line":16,"column":5}},"type":"if","locations":[{"start":{"line":14,"column":4},"end":{"line":16,"column":5}},{"start":{"line":14,"column":4},"end":{"line":16,"column":5}}],"line":14},"2":{"loc":{"start":{"line":14,"column":8},"end":{"line":14,"column":31}},"type":"binary-expr","locations":[{"start":{"line":14,"column":8},"end":{"line":14,"column":22}},{"start":{"line":14,"column":26},"end":{"line":14,"column":31}}],"line":14}},"s":{"0":5,"1":5,"2":5,"3":5,"4":5,"5":5,"6":5,"7":45,"8":45,"9":45,"10":45,"11":1,"12":44,"13":44,"14":5},"f":{"0":45},"b":{"0":[1,44],"1":[1,44],"2":[45,44]},"_coverageSchema":"1a1c01bbd47fc00a2c39e90264f33305004495a9","hash":"e93581f9090c7b16a71f6ef679adab766c69c3f3"}
,"/home/hamkam/programming/webd/MPG1/backend/controllers/postsRouter.js": {"path":"/home/hamkam/programming/webd/MPG1/backend/controllers/postsRouter.js","statementMap":{"0":{"start":{"line":4,"column":14},"end":{"line":4,"column":40}},"1":{"start":{"line":5,"column":20},"end":{"line":5,"column":47}},"2":{"start":{"line":10,"column":4},"end":{"line":10,"column":34}},"3":{"start":{"line":11,"column":0},"end":{"line":11,"column":32}},"4":{"start":{"line":13,"column":0},"end":{"line":18,"column":3}},"5":{"start":{"line":14,"column":18},"end":{"line":16,"column":6}},"6":{"start":{"line":17,"column":4},"end":{"line":17,"column":37}},"7":{"start":{"line":20,"column":0},"end":{"line":27,"column":3}},"8":{"start":{"line":21,"column":15},"end":{"line":21,"column":32}},"9":{"start":{"line":22,"column":17},"end":{"line":22,"column":41}},"10":{"start":{"line":23,"column":4},"end":{"line":25,"column":5}},"11":{"start":{"line":24,"column":8},"end":{"line":24,"column":40}},"12":{"start":{"line":26,"column":4},"end":{"line":26,"column":36}},"13":{"start":{"line":29,"column":0},"end":{"line":48,"column":2}},"14":{"start":{"line":34,"column":28},"end":{"line":40,"column":10}},"15":{"start":{"line":41,"column":26},"end":{"line":41,"column":50}},"16":{"start":{"line":42,"column":8},"end":{"line":42,"column":70}},"17":{"start":{"line":43,"column":8},"end":{"line":43,"column":80}},"18":{"start":{"line":44,"column":8},"end":{"line":44,"column":34}},"19":{"start":{"line":45,"column":8},"end":{"line":45,"column":39}},"20":{"start":{"line":46,"column":8},"end":{"line":46,"column":45}},"21":{"start":{"line":50,"column":0},"end":{"line":70,"column":2}},"22":{"start":{"line":55,"column":22},"end":{"line":59,"column":9}},"23":{"start":{"line":60,"column":28},"end":{"line":67,"column":9}},"24":{"start":{"line":68,"column":8},"end":{"line":68,"column":47}},"25":{"start":{"line":72,"column":0},"end":{"line":93,"column":3}},"26":{"start":{"line":73,"column":15},"end":{"line":73,"column":32}},"27":{"start":{"line":74,"column":17},"end":{"line":74,"column":41}},"28":{"start":{"line":75,"column":4},"end":{"line":77,"column":5}},"29":{"start":{"line":76,"column":8},"end":{"line":76,"column":40}},"30":{"start":{"line":78,"column":23},"end":{"line":80,"column":5}},"31":{"start":{"line":79,"column":20},"end":{"line":79,"column":74}},"32":{"start":{"line":81,"column":4},"end":{"line":89,"column":5}},"33":{"start":{"line":82,"column":8},"end":{"line":85,"column":11}},"34":{"start":{"line":87,"column":8},"end":{"line":87,"column":55}},"35":{"start":{"line":88,"column":8},"end":{"line":88,"column":57}},"36":{"start":{"line":90,"column":4},"end":{"line":90,"column":36}},"37":{"start":{"line":91,"column":24},"end":{"line":91,"column":41}},"38":{"start":{"line":92,"column":4},"end":{"line":92,"column":64}},"39":{"start":{"line":95,"column":0},"end":{"line":103,"column":2}},"40":{"start":{"line":100,"column":8},"end":{"line":100,"column":57}},"41":{"start":{"line":101,"column":8},"end":{"line":101,"column":70}},"42":{"start":{"line":105,"column":0},"end":{"line":105,"column":29}}},"fnMap":{"0":{"name":"(anonymous_0)","decl":{"start":{"line":13,"column":21},"end":{"line":13,"column":22}},"loc":{"start":{"line":13,"column":50},"end":{"line":18,"column":1}},"line":13},"1":{"name":"(anonymous_1)","decl":{"start":{"line":20,"column":24},"end":{"line":20,"column":25}},"loc":{"start":{"line":20,"column":53},"end":{"line":27,"column":1}},"line":20},"2":{"name":"(anonymous_2)","decl":{"start":{"line":33,"column":4},"end":{"line":33,"column":5}},"loc":{"start":{"line":33,"column":33},"end":{"line":47,"column":5}},"line":33},"3":{"name":"(anonymous_3)","decl":{"start":{"line":54,"column":4},"end":{"line":54,"column":5}},"loc":{"start":{"line":54,"column":33},"end":{"line":69,"column":5}},"line":54},"4":{"name":"(anonymous_4)","decl":{"start":{"line":72,"column":39},"end":{"line":72,"column":40}},"loc":{"start":{"line":72,"column":68},"end":{"line":93,"column":1}},"line":72},"5":{"name":"(anonymous_5)","decl":{"start":{"line":79,"column":8},"end":{"line":79,"column":9}},"loc":{"start":{"line":79,"column":20},"end":{"line":79,"column":74}},"line":79},"6":{"name":"(anonymous_6)","decl":{"start":{"line":99,"column":4},"end":{"line":99,"column":5}},"loc":{"start":{"line":99,"column":33},"end":{"line":102,"column":5}},"line":99}},"branchMap":{"0":{"loc":{"start":{"line":23,"column":4},"end":{"line":25,"column":5}},"type":"if","locations":[{"start":{"line":23,"column":4},"end":{"line":25,"column":5}},{"start":{"line":23,"column":4},"end":{"line":25,"column":5}}],"line":23},"1":{"loc":{"start":{"line":75,"column":4},"end":{"line":77,"column":5}},"type":"if","locations":[{"start":{"line":75,"column":4},"end":{"line":77,"column":5}},{"start":{"line":75,"column":4},"end":{"line":77,"column":5}}],"line":75},"2":{"loc":{"start":{"line":81,"column":4},"end":{"line":89,"column":5}},"type":"if","locations":[{"start":{"line":81,"column":4},"end":{"line":89,"column":5}},{"start":{"line":81,"column":4},"end":{"line":89,"column":5}}],"line":81}},"s":{"0":5,"1":5,"2":5,"3":5,"4":5,"5":1,"6":1,"7":5,"8":2,"9":2,"10":1,"11":0,"12":1,"13":5,"14":3,"15":3,"16":1,"17":1,"18":1,"19":1,"20":1,"21":5,"22":3,"23":3,"24":1,"25":5,"26":14,"27":14,"28":14,"29":0,"30":14,"31":7,"32":14,"33":10,"34":4,"35":4,"36":14,"37":14,"38":14,"39":5,"40":1,"41":1,"42":5},"f":{"0":1,"1":2,"2":3,"3":3,"4":14,"5":7,"6":1},"b":{"0":[0,1],"1":[0,14],"2":[10,4]},"_coverageSchema":"1a1c01bbd47fc00a2c39e90264f33305004495a9","hash":"1c6fa00cbd62106c3f77c055bf6e33ae735ac4b9"}
,"/home/hamkam/programming/webd/MPG1/backend/controllers/replyRouter.js": {"path":"/home/hamkam/programming/webd/MPG1/backend/controllers/replyRouter.js","statementMap":{"0":{"start":{"line":1,"column":20},"end":{"line":1,"column":47}},"1":{"start":{"line":2,"column":14},"end":{"line":2,"column":40}},"2":{"start":{"line":4,"column":14},"end":{"line":4,"column":42}},"3":{"start":{"line":10,"column":4},"end":{"line":10,"column":34}},"4":{"start":{"line":11,"column":0},"end":{"line":11,"column":32}},"5":{"start":{"line":13,"column":0},"end":{"line":34,"column":2}},"6":{"start":{"line":18,"column":21},"end":{"line":18,"column":33}},"7":{"start":{"line":19,"column":21},"end":{"line":19,"column":52}},"8":{"start":{"line":20,"column":8},"end":{"line":22,"column":9}},"9":{"start":{"line":21,"column":12},"end":{"line":21,"column":44}},"10":{"start":{"line":23,"column":22},"end":{"line":28,"column":10}},"11":{"start":{"line":29,"column":25},"end":{"line":29,"column":43}},"12":{"start":{"line":30,"column":8},"end":{"line":30,"column":76}},"13":{"start":{"line":31,"column":8},"end":{"line":31,"column":37}},"14":{"start":{"line":32,"column":8},"end":{"line":32,"column":44}},"15":{"start":{"line":36,"column":0},"end":{"line":51,"column":2}},"16":{"start":{"line":41,"column":29},"end":{"line":48,"column":9}},"17":{"start":{"line":49,"column":8},"end":{"line":49,"column":48}},"18":{"start":{"line":53,"column":0},"end":{"line":61,"column":2}},"19":{"start":{"line":58,"column":8},"end":{"line":58,"column":57}},"20":{"start":{"line":59,"column":8},"end":{"line":59,"column":68}},"21":{"start":{"line":63,"column":0},"end":{"line":63,"column":29}}},"fnMap":{"0":{"name":"(anonymous_0)","decl":{"start":{"line":17,"column":4},"end":{"line":17,"column":5}},"loc":{"start":{"line":17,"column":33},"end":{"line":33,"column":5}},"line":17},"1":{"name":"(anonymous_1)","decl":{"start":{"line":40,"column":4},"end":{"line":40,"column":5}},"loc":{"start":{"line":40,"column":33},"end":{"line":50,"column":5}},"line":40},"2":{"name":"(anonymous_2)","decl":{"start":{"line":57,"column":4},"end":{"line":57,"column":5}},"loc":{"start":{"line":57,"column":33},"end":{"line":60,"column":5}},"line":57}},"branchMap":{"0":{"loc":{"start":{"line":20,"column":8},"end":{"line":22,"column":9}},"type":"if","locations":[{"start":{"line":20,"column":8},"end":{"line":22,"column":9}},{"start":{"line":20,"column":8},"end":{"line":22,"column":9}}],"line":20}},"s":{"0":5,"1":5,"2":5,"3":5,"4":5,"5":5,"6":3,"7":3,"8":3,"9":0,"10":3,"11":3,"12":2,"13":2,"14":2,"15":5,"16":2,"17":1,"18":5,"19":1,"20":1,"21":5},"f":{"0":3,"1":2,"2":1},"b":{"0":[0,3]},"_coverageSchema":"1a1c01bbd47fc00a2c39e90264f33305004495a9","hash":"8762c94ace2751504e739a100910187becd93b63"}
,"/home/hamkam/programming/webd/MPG1/backend/controllers/userRouter.js": {"path":"/home/hamkam/programming/webd/MPG1/backend/controllers/userRouter.js","statementMap":{"0":{"start":{"line":1,"column":13},"end":{"line":1,"column":39}},"1":{"start":{"line":2,"column":19},"end":{"line":2,"column":46}},"2":{"start":{"line":3,"column":15},"end":{"line":3,"column":32}},"3":{"start":{"line":4,"column":23},"end":{"line":4,"column":67}},"4":{"start":{"line":5,"column":26},"end":{"line":5,"column":55}},"5":{"start":{"line":7,"column":19},"end":{"line":7,"column":42}},"6":{"start":{"line":8,"column":0},"end":{"line":23,"column":14}},"7":{"start":{"line":25,"column":0},"end":{"line":25,"column":32}},"8":{"start":{"line":27,"column":0},"end":{"line":49,"column":3}},"9":{"start":{"line":28,"column":17},"end":{"line":28,"column":29}},"10":{"start":{"line":29,"column":4},"end":{"line":31,"column":5}},"11":{"start":{"line":30,"column":8},"end":{"line":30,"column":73}},"12":{"start":{"line":33,"column":42},"end":{"line":35,"column":5}},"13":{"start":{"line":36,"column":4},"end":{"line":38,"column":5}},"14":{"start":{"line":37,"column":8},"end":{"line":37,"column":78}},"15":{"start":{"line":40,"column":23},"end":{"line":40,"column":25}},"16":{"start":{"line":41,"column":25},"end":{"line":41,"column":69}},"17":{"start":{"line":42,"column":17},"end":{"line":46,"column":6}},"18":{"start":{"line":47,"column":22},"end":{"line":47,"column":39}},"19":{"start":{"line":48,"column":4},"end":{"line":48,"column":41}},"20":{"start":{"line":51,"column":0},"end":{"line":57,"column":3}},"21":{"start":{"line":52,"column":18},"end":{"line":55,"column":6}},"22":{"start":{"line":56,"column":4},"end":{"line":56,"column":25}},"23":{"start":{"line":59,"column":0},"end":{"line":59,"column":28}}},"fnMap":{"0":{"name":"(anonymous_0)","decl":{"start":{"line":27,"column":21},"end":{"line":27,"column":22}},"loc":{"start":{"line":27,"column":50},"end":{"line":49,"column":1}},"line":27},"1":{"name":"(anonymous_1)","decl":{"start":{"line":51,"column":20},"end":{"line":51,"column":21}},"loc":{"start":{"line":51,"column":49},"end":{"line":57,"column":1}},"line":51}},"branchMap":{"0":{"loc":{"start":{"line":29,"column":4},"end":{"line":31,"column":5}},"type":"if","locations":[{"start":{"line":29,"column":4},"end":{"line":31,"column":5}},{"start":{"line":29,"column":4},"end":{"line":31,"column":5}}],"line":29},"1":{"loc":{"start":{"line":29,"column":8},"end":{"line":29,"column":61}},"type":"binary-expr","locations":[{"start":{"line":29,"column":8},"end":{"line":29,"column":22}},{"start":{"line":29,"column":26},"end":{"line":29,"column":61}}],"line":29},"2":{"loc":{"start":{"line":36,"column":4},"end":{"line":38,"column":5}},"type":"if","locations":[{"start":{"line":36,"column":4},"end":{"line":38,"column":5}},{"start":{"line":36,"column":4},"end":{"line":38,"column":5}}],"line":36}},"s":{"0":5,"1":5,"2":5,"3":5,"4":5,"5":5,"6":5,"7":5,"8":5,"9":12,"10":12,"11":5,"12":7,"13":7,"14":3,"15":4,"16":4,"17":4,"18":4,"19":1,"20":5,"21":0,"22":0,"23":5},"f":{"0":12,"1":0},"b":{"0":[5,7],"1":[12,12],"2":[3,4]},"_coverageSchema":"1a1c01bbd47fc00a2c39e90264f33305004495a9","hash":"c5c3c8ec50c74123f42e15dc626855e255088f58"}
,"/home/hamkam/programming/webd/MPG1/backend/models/comments.js": {"path":"/home/hamkam/programming/webd/MPG1/backend/models/comments.js","statementMap":{"0":{"start":{"line":1,"column":17},"end":{"line":1,"column":36}},"1":{"start":{"line":2,"column":24},"end":{"line":2,"column":60}},"2":{"start":{"line":4,"column":22},"end":{"line":29,"column":2}},"3":{"start":{"line":31,"column":0},"end":{"line":31,"column":38}},"4":{"start":{"line":32,"column":0},"end":{"line":38,"column":3}},"5":{"start":{"line":34,"column":8},"end":{"line":34,"column":58}},"6":{"start":{"line":35,"column":8},"end":{"line":35,"column":34}},"7":{"start":{"line":36,"column":8},"end":{"line":36,"column":34}},"8":{"start":{"line":40,"column":16},"end":{"line":40,"column":60}},"9":{"start":{"line":42,"column":0},"end":{"line":42,"column":25}}},"fnMap":{"0":{"name":"(anonymous_0)","decl":{"start":{"line":33,"column":15},"end":{"line":33,"column":16}},"loc":{"start":{"line":33,"column":45},"end":{"line":37,"column":5}},"line":33}},"branchMap":{},"s":{"0":5,"1":5,"2":5,"3":5,"4":5,"5":7,"6":7,"7":7,"8":5,"9":5},"f":{"0":7},"b":{},"_coverageSchema":"1a1c01bbd47fc00a2c39e90264f33305004495a9","hash":"c8ab6c7efccf60ae09b3f1a22e15eba159531bb6"}
,"/home/hamkam/programming/webd/MPG1/backend/models/communities.js": {"path":"/home/hamkam/programming/webd/MPG1/backend/models/communities.js","statementMap":{"0":{"start":{"line":3,"column":17},"end":{"line":3,"column":36}},"1":{"start":{"line":4,"column":24},"end":{"line":4,"column":60}},"2":{"start":{"line":6,"column":24},"end":{"line":41,"column":2}},"3":{"start":{"line":43,"column":0},"end":{"line":43,"column":40}},"4":{"start":{"line":45,"column":0},"end":{"line":51,"column":3}},"5":{"start":{"line":47,"column":8},"end":{"line":47,"column":58}},"6":{"start":{"line":48,"column":8},"end":{"line":48,"column":34}},"7":{"start":{"line":49,"column":8},"end":{"line":49,"column":34}},"8":{"start":{"line":53,"column":18},"end":{"line":53,"column":66}},"9":{"start":{"line":55,"column":0},"end":{"line":55,"column":27}}},"fnMap":{"0":{"name":"(anonymous_0)","decl":{"start":{"line":46,"column":15},"end":{"line":46,"column":16}},"loc":{"start":{"line":46,"column":45},"end":{"line":50,"column":5}},"line":46}},"branchMap":{},"s":{"0":5,"1":5,"2":5,"3":5,"4":5,"5":7,"6":7,"7":7,"8":5,"9":5},"f":{"0":7},"b":{},"_coverageSchema":"1a1c01bbd47fc00a2c39e90264f33305004495a9","hash":"758907cc5f2604c6096a45e50311ddbcee5949df"}
,"/home/hamkam/programming/webd/MPG1/backend/models/posts.js": {"path":"/home/hamkam/programming/webd/MPG1/backend/models/posts.js","statementMap":{"0":{"start":{"line":3,"column":17},"end":{"line":3,"column":36}},"1":{"start":{"line":4,"column":24},"end":{"line":4,"column":60}},"2":{"start":{"line":6,"column":20},"end":{"line":47,"column":2}},"3":{"start":{"line":49,"column":0},"end":{"line":49,"column":36}},"4":{"start":{"line":50,"column":0},"end":{"line":56,"column":3}},"5":{"start":{"line":52,"column":8},"end":{"line":52,"column":58}},"6":{"start":{"line":53,"column":8},"end":{"line":53,"column":34}},"7":{"start":{"line":54,"column":8},"end":{"line":54,"column":34}},"8":{"start":{"line":58,"column":14},"end":{"line":58,"column":54}},"9":{"start":{"line":60,"column":0},"end":{"line":60,"column":23}}},"fnMap":{"0":{"name":"(anonymous_0)","decl":{"start":{"line":51,"column":15},"end":{"line":51,"column":16}},"loc":{"start":{"line":51,"column":45},"end":{"line":55,"column":5}},"line":51}},"branchMap":{},"s":{"0":5,"1":5,"2":5,"3":5,"4":5,"5":6,"6":6,"7":6,"8":5,"9":5},"f":{"0":6},"b":{},"_coverageSchema":"1a1c01bbd47fc00a2c39e90264f33305004495a9","hash":"c89ea3aa86fa799e68d0f9b39c7bde69f90cc6a6"}
,"/home/hamkam/programming/webd/MPG1/backend/models/replies.js": {"path":"/home/hamkam/programming/webd/MPG1/backend/models/replies.js","statementMap":{"0":{"start":{"line":1,"column":17},"end":{"line":1,"column":36}},"1":{"start":{"line":2,"column":24},"end":{"line":2,"column":60}},"2":{"start":{"line":4,"column":20},"end":{"line":24,"column":2}},"3":{"start":{"line":26,"column":0},"end":{"line":26,"column":36}},"4":{"start":{"line":27,"column":0},"end":{"line":33,"column":3}},"5":{"start":{"line":29,"column":8},"end":{"line":29,"column":58}},"6":{"start":{"line":30,"column":8},"end":{"line":30,"column":34}},"7":{"start":{"line":31,"column":8},"end":{"line":31,"column":34}},"8":{"start":{"line":35,"column":14},"end":{"line":35,"column":54}},"9":{"start":{"line":37,"column":0},"end":{"line":37,"column":23}}},"fnMap":{"0":{"name":"(anonymous_0)","decl":{"start":{"line":28,"column":15},"end":{"line":28,"column":16}},"loc":{"start":{"line":28,"column":45},"end":{"line":32,"column":5}},"line":28}},"branchMap":{},"s":{"0":5,"1":5,"2":5,"3":5,"4":5,"5":3,"6":3,"7":3,"8":5,"9":5},"f":{"0":3},"b":{},"_coverageSchema":"1a1c01bbd47fc00a2c39e90264f33305004495a9","hash":"50ad7fe014d8643d92e68b6c79de1c9c985b265c"}
,"/home/hamkam/programming/webd/MPG1/backend/models/users.js": {"path":"/home/hamkam/programming/webd/MPG1/backend/models/users.js","statementMap":{"0":{"start":{"line":1,"column":17},"end":{"line":1,"column":36}},"1":{"start":{"line":2,"column":24},"end":{"line":2,"column":60}},"2":{"start":{"line":4,"column":19},"end":{"line":39,"column":2}},"3":{"start":{"line":41,"column":0},"end":{"line":41,"column":35}},"4":{"start":{"line":42,"column":0},"end":{"line":49,"column":3}},"5":{"start":{"line":44,"column":8},"end":{"line":44,"column":58}},"6":{"start":{"line":45,"column":8},"end":{"line":45,"column":34}},"7":{"start":{"line":46,"column":8},"end":{"line":46,"column":34}},"8":{"start":{"line":47,"column":8},"end":{"line":47,"column":43}},"9":{"start":{"line":51,"column":13},"end":{"line":51,"column":51}},"10":{"start":{"line":52,"column":0},"end":{"line":52,"column":22}}},"fnMap":{"0":{"name":"(anonymous_0)","decl":{"start":{"line":43,"column":15},"end":{"line":43,"column":16}},"loc":{"start":{"line":43,"column":45},"end":{"line":48,"column":5}},"line":43}},"branchMap":{},"s":{"0":5,"1":5,"2":5,"3":5,"4":5,"5":1,"6":1,"7":1,"8":1,"9":5,"10":5},"f":{"0":1},"b":{},"_coverageSchema":"1a1c01bbd47fc00a2c39e90264f33305004495a9","hash":"e992fef7981c949174ab3e018d0d7b3e05060a42"}
,"/home/hamkam/programming/webd/MPG1/backend/utils/config.js": {"path":"/home/hamkam/programming/webd/MPG1/backend/utils/config.js","statementMap":{"0":{"start":{"line":1,"column":0},"end":{"line":1,"column":27}},"1":{"start":{"line":3,"column":0},"end":{"line":10,"column":2}}},"fnMap":{},"branchMap":{"0":{"loc":{"start":{"line":6,"column":8},"end":{"line":8,"column":37}},"type":"cond-expr","locations":[{"start":{"line":7,"column":14},"end":{"line":7,"column":42}},{"start":{"line":8,"column":14},"end":{"line":8,"column":37}}],"line":6}},"s":{"0":5,"1":5},"f":{},"b":{"0":[5,0]},"_coverageSchema":"1a1c01bbd47fc00a2c39e90264f33305004495a9","hash":"4d4daea8535bdb61cb84fea63e062ac25c2bb30a"}
,"/home/hamkam/programming/webd/MPG1/backend/utils/logger.js": {"path":"/home/hamkam/programming/webd/MPG1/backend/utils/logger.js","statementMap":{"0":{"start":{"line":1,"column":13},"end":{"line":5,"column":1}},"1":{"start":{"line":2,"column":4},"end":{"line":4,"column":5}},"2":{"start":{"line":3,"column":8},"end":{"line":3,"column":31}},"3":{"start":{"line":7,"column":14},"end":{"line":11,"column":1}},"4":{"start":{"line":8,"column":4},"end":{"line":10,"column":5}},"5":{"start":{"line":9,"column":8},"end":{"line":9,"column":33}},"6":{"start":{"line":13,"column":0},"end":{"line":16,"column":2}}},"fnMap":{"0":{"name":"(anonymous_0)","decl":{"start":{"line":1,"column":13},"end":{"line":1,"column":14}},"loc":{"start":{"line":1,"column":28},"end":{"line":5,"column":1}},"line":1},"1":{"name":"(anonymous_1)","decl":{"start":{"line":7,"column":14},"end":{"line":7,"column":15}},"loc":{"start":{"line":7,"column":29},"end":{"line":11,"column":1}},"line":7}},"branchMap":{"0":{"loc":{"start":{"line":2,"column":4},"end":{"line":4,"column":5}},"type":"if","locations":[{"start":{"line":2,"column":4},"end":{"line":4,"column":5}},{"start":{"line":2,"column":4},"end":{"line":4,"column":5}}],"line":2},"1":{"loc":{"start":{"line":8,"column":4},"end":{"line":10,"column":5}},"type":"if","locations":[{"start":{"line":8,"column":4},"end":{"line":10,"column":5}},{"start":{"line":8,"column":4},"end":{"line":10,"column":5}}],"line":8}},"s":{"0":5,"1":5,"2":0,"3":5,"4":42,"5":0,"6":5},"f":{"0":5,"1":42},"b":{"0":[0,5],"1":[0,42]},"_coverageSchema":"1a1c01bbd47fc00a2c39e90264f33305004495a9","hash":"05045754b8aa9560762b6b5719cb5ccb49031b63"}
,"/home/hamkam/programming/webd/MPG1/backend/utils/middleware.js": {"path":"/home/hamkam/programming/webd/MPG1/backend/utils/middleware.js","statementMap":{"0":{"start":{"line":1,"column":15},"end":{"line":1,"column":34}},"1":{"start":{"line":2,"column":13},"end":{"line":2,"column":39}},"2":{"start":{"line":3,"column":18},"end":{"line":3,"column":50}},"3":{"start":{"line":4,"column":12},"end":{"line":4,"column":35}},"4":{"start":{"line":5,"column":15},"end":{"line":5,"column":34}},"5":{"start":{"line":6,"column":16},"end":{"line":6,"column":45}},"6":{"start":{"line":7,"column":14},"end":{"line":7,"column":42}},"7":{"start":{"line":8,"column":14},"end":{"line":8,"column":40}},"8":{"start":{"line":10,"column":21},"end":{"line":33,"column":1}},"9":{"start":{"line":11,"column":4},"end":{"line":11,"column":24}},"10":{"start":{"line":12,"column":4},"end":{"line":31,"column":5}},"11":{"start":{"line":13,"column":8},"end":{"line":13,"column":71}},"12":{"start":{"line":14,"column":11},"end":{"line":31,"column":5}},"13":{"start":{"line":15,"column":8},"end":{"line":15,"column":67}},"14":{"start":{"line":16,"column":11},"end":{"line":31,"column":5}},"15":{"start":{"line":17,"column":8},"end":{"line":19,"column":11}},"16":{"start":{"line":20,"column":11},"end":{"line":31,"column":5}},"17":{"start":{"line":21,"column":8},"end":{"line":21,"column":73}},"18":{"start":{"line":22,"column":11},"end":{"line":31,"column":5}},"19":{"start":{"line":26,"column":8},"end":{"line":28,"column":58}},"20":{"start":{"line":29,"column":11},"end":{"line":31,"column":5}},"21":{"start":{"line":30,"column":8},"end":{"line":30,"column":67}},"22":{"start":{"line":32,"column":4},"end":{"line":32,"column":16}},"23":{"start":{"line":35,"column":31},"end":{"line":37,"column":1}},"24":{"start":{"line":36,"column":4},"end":{"line":36,"column":61}},"25":{"start":{"line":39,"column":23},"end":{"line":47,"column":1}},"26":{"start":{"line":40,"column":17},"end":{"line":40,"column":45}},"27":{"start":{"line":42,"column":4},"end":{"line":45,"column":19}},"28":{"start":{"line":46,"column":4},"end":{"line":46,"column":11}},"29":{"start":{"line":49,"column":22},"end":{"line":58,"column":1}},"30":{"start":{"line":51,"column":8},"end":{"line":51,"column":79}},"31":{"start":{"line":52,"column":4},"end":{"line":54,"column":5}},"32":{"start":{"line":53,"column":8},"end":{"line":53,"column":44}},"33":{"start":{"line":55,"column":17},"end":{"line":55,"column":53}},"34":{"start":{"line":56,"column":4},"end":{"line":56,"column":24}},"35":{"start":{"line":57,"column":4},"end":{"line":57,"column":11}},"36":{"start":{"line":60,"column":18},"end":{"line":72,"column":1}},"37":{"start":{"line":61,"column":15},"end":{"line":61,"column":59}},"38":{"start":{"line":62,"column":26},"end":{"line":62,"column":50}},"39":{"start":{"line":63,"column":4},"end":{"line":70,"column":5}},"40":{"start":{"line":64,"column":8},"end":{"line":64,"column":40}},"41":{"start":{"line":65,"column":11},"end":{"line":70,"column":5}},"42":{"start":{"line":69,"column":8},"end":{"line":69,"column":50}},"43":{"start":{"line":71,"column":4},"end":{"line":71,"column":25}},"44":{"start":{"line":74,"column":27},"end":{"line":77,"column":1}},"45":{"start":{"line":75,"column":4},"end":{"line":75,"column":73}},"46":{"start":{"line":76,"column":4},"end":{"line":76,"column":11}},"47":{"start":{"line":78,"column":22},"end":{"line":81,"column":1}},"48":{"start":{"line":79,"column":4},"end":{"line":79,"column":59}},"49":{"start":{"line":80,"column":4},"end":{"line":80,"column":11}},"50":{"start":{"line":83,"column":25},"end":{"line":86,"column":1}},"51":{"start":{"line":84,"column":4},"end":{"line":84,"column":67}},"52":{"start":{"line":85,"column":4},"end":{"line":85,"column":11}},"53":{"start":{"line":88,"column":23},"end":{"line":91,"column":1}},"54":{"start":{"line":89,"column":4},"end":{"line":89,"column":61}},"55":{"start":{"line":90,"column":4},"end":{"line":90,"column":11}},"56":{"start":{"line":93,"column":0},"end":{"line":102,"column":2}}},"fnMap":{"0":{"name":"(anonymous_0)","decl":{"start":{"line":10,"column":21},"end":{"line":10,"column":22}},"loc":{"start":{"line":10,"column":57},"end":{"line":33,"column":1}},"line":10},"1":{"name":"(anonymous_1)","decl":{"start":{"line":35,"column":31},"end":{"line":35,"column":32}},"loc":{"start":{"line":35,"column":54},"end":{"line":37,"column":1}},"line":35},"2":{"name":"(anonymous_2)","decl":{"start":{"line":39,"column":23},"end":{"line":39,"column":24}},"loc":{"start":{"line":39,"column":52},"end":{"line":47,"column":1}},"line":39},"3":{"name":"(anonymous_3)","decl":{"start":{"line":49,"column":22},"end":{"line":49,"column":23}},"loc":{"start":{"line":49,"column":57},"end":{"line":58,"column":1}},"line":49},"4":{"name":"(anonymous_4)","decl":{"start":{"line":60,"column":18},"end":{"line":60,"column":19}},"loc":{"start":{"line":60,"column":55},"end":{"line":72,"column":1}},"line":60},"5":{"name":"(anonymous_5)","decl":{"start":{"line":74,"column":27},"end":{"line":74,"column":28}},"loc":{"start":{"line":74,"column":62},"end":{"line":77,"column":1}},"line":74},"6":{"name":"(anonymous_6)","decl":{"start":{"line":78,"column":22},"end":{"line":78,"column":23}},"loc":{"start":{"line":78,"column":57},"end":{"line":81,"column":1}},"line":78},"7":{"name":"(anonymous_7)","decl":{"start":{"line":83,"column":25},"end":{"line":83,"column":26}},"loc":{"start":{"line":83,"column":60},"end":{"line":86,"column":1}},"line":83},"8":{"name":"(anonymous_8)","decl":{"start":{"line":88,"column":23},"end":{"line":88,"column":24}},"loc":{"start":{"line":88,"column":58},"end":{"line":91,"column":1}},"line":88}},"branchMap":{"0":{"loc":{"start":{"line":12,"column":4},"end":{"line":31,"column":5}},"type":"if","locations":[{"start":{"line":12,"column":4},"end":{"line":31,"column":5}},{"start":{"line":12,"column":4},"end":{"line":31,"column":5}}],"line":12},"1":{"loc":{"start":{"line":14,"column":11},"end":{"line":31,"column":5}},"type":"if","locations":[{"start":{"line":14,"column":11},"end":{"line":31,"column":5}},{"start":{"line":14,"column":11},"end":{"line":31,"column":5}}],"line":14},"2":{"loc":{"start":{"line":14,"column":15},"end":{"line":14,"column":77}},"type":"binary-expr","locations":[{"start":{"line":14,"column":15},"end":{"line":14,"column":47}},{"start":{"line":14,"column":51},"end":{"line":14,"column":77}}],"line":14},"3":{"loc":{"start":{"line":16,"column":11},"end":{"line":31,"column":5}},"type":"if","locations":[{"start":{"line":16,"column":11},"end":{"line":31,"column":5}},{"start":{"line":16,"column":11},"end":{"line":31,"column":5}}],"line":16},"4":{"loc":{"start":{"line":18,"column":19},"end":{"line":18,"column":75}},"type":"binary-expr","locations":[{"start":{"line":18,"column":19},"end":{"line":18,"column":32}},{"start":{"line":18,"column":36},"end":{"line":18,"column":75}}],"line":18},"5":{"loc":{"start":{"line":20,"column":11},"end":{"line":31,"column":5}},"type":"if","locations":[{"start":{"line":20,"column":11},"end":{"line":31,"column":5}},{"start":{"line":20,"column":11},"end":{"line":31,"column":5}}],"line":20},"6":{"loc":{"start":{"line":22,"column":11},"end":{"line":31,"column":5}},"type":"if","locations":[{"start":{"line":22,"column":11},"end":{"line":31,"column":5}},{"start":{"line":22,"column":11},"end":{"line":31,"column":5}}],"line":22},"7":{"loc":{"start":{"line":23,"column":8},"end":{"line":24,"column":56}},"type":"binary-expr","locations":[{"start":{"line":23,"column":8},"end":{"line":23,"column":48}},{"start":{"line":24,"column":8},"end":{"line":24,"column":56}}],"line":23},"8":{"loc":{"start":{"line":29,"column":11},"end":{"line":31,"column":5}},"type":"if","locations":[{"start":{"line":29,"column":11},"end":{"line":31,"column":5}},{"start":{"line":29,"column":11},"end":{"line":31,"column":5}}],"line":29},"9":{"loc":{"start":{"line":43,"column":8},"end":{"line":45,"column":18}},"type":"cond-expr","locations":[{"start":{"line":44,"column":14},"end":{"line":44,"column":31}},{"start":{"line":45,"column":14},"end":{"line":45,"column":18}}],"line":43},"10":{"loc":{"start":{"line":43,"column":8},"end":{"line":43,"column":56}},"type":"binary-expr","locations":[{"start":{"line":43,"column":8},"end":{"line":43,"column":12}},{"start":{"line":43,"column":16},"end":{"line":43,"column":56}}],"line":43},"11":{"loc":{"start":{"line":51,"column":8},"end":{"line":51,"column":79}},"type":"cond-expr","locations":[{"start":{"line":51,"column":32},"end":{"line":51,"column":72}},{"start":{"line":51,"column":75},"end":{"line":51,"column":79}}],"line":51},"12":{"loc":{"start":{"line":52,"column":4},"end":{"line":54,"column":5}},"type":"if","locations":[{"start":{"line":52,"column":4},"end":{"line":54,"column":5}},{"start":{"line":52,"column":4},"end":{"line":54,"column":5}}],"line":52},"13":{"loc":{"start":{"line":52,"column":8},"end":{"line":52,"column":39}},"type":"binary-expr","locations":[{"start":{"line":52,"column":8},"end":{"line":52,"column":22}},{"start":{"line":52,"column":26},"end":{"line":52,"column":39}}],"line":52},"14":{"loc":{"start":{"line":61,"column":15},"end":{"line":61,"column":59}},"type":"binary-expr","locations":[{"start":{"line":61,"column":15},"end":{"line":61,"column":32}},{"start":{"line":61,"column":36},"end":{"line":61,"column":59}}],"line":61},"15":{"loc":{"start":{"line":63,"column":4},"end":{"line":70,"column":5}},"type":"if","locations":[{"start":{"line":63,"column":4},"end":{"line":70,"column":5}},{"start":{"line":63,"column":4},"end":{"line":70,"column":5}}],"line":63},"16":{"loc":{"start":{"line":65,"column":11},"end":{"line":70,"column":5}},"type":"if","locations":[{"start":{"line":65,"column":11},"end":{"line":70,"column":5}},{"start":{"line":65,"column":11},"end":{"line":70,"column":5}}],"line":65},"17":{"loc":{"start":{"line":66,"column":8},"end":{"line":67,"column":69}},"type":"binary-expr","locations":[{"start":{"line":66,"column":8},"end":{"line":66,"column":33}},{"start":{"line":67,"column":8},"end":{"line":67,"column":69}}],"line":66}},"s":{"0":5,"1":5,"2":5,"3":5,"4":5,"5":5,"6":5,"7":5,"8":5,"9":42,"10":42,"11":3,"12":39,"13":14,"14":25,"15":9,"16":16,"17":1,"18":15,"19":15,"20":0,"21":0,"22":0,"23":5,"24":0,"25":5,"26":121,"27":121,"28":121,"29":5,"30":54,"31":54,"32":7,"33":47,"34":47,"35":47,"36":5,"37":30,"38":30,"39":30,"40":0,"41":30,"42":8,"43":22,"44":5,"45":8,"46":6,"47":5,"48":9,"49":7,"50":5,"51":8,"52":6,"53":5,"54":5,"55":3,"56":5},"f":{"0":42,"1":0,"2":121,"3":54,"4":30,"5":8,"6":9,"7":8,"8":5},"b":{"0":[3,39],"1":[14,25],"2":[39,25],"3":[9,16],"4":[9,1],"5":[1,15],"6":[15,0],"7":[15,7],"8":[0,0],"9":[47,74],"10":[121,47],"11":[47,7],"12":[7,47],"13":[54,47],"14":[30,9],"15":[0,30],"16":[8,22],"17":[30,21]},"_coverageSchema":"1a1c01bbd47fc00a2c39e90264f33305004495a9","hash":"8242eacf061ac73625db6eee3d92fd3581409df0"}
,"/home/hamkam/programming/webd/MPG1/backend/utils/testDummyData.js": {"path":"/home/hamkam/programming/webd/MPG1/backend/utils/testDummyData.js","statementMap":{"0":{"start":{"line":1,"column":17},"end":{"line":72,"column":1}},"1":{"start":{"line":74,"column":17},"end":{"line":106,"column":1}},"2":{"start":{"line":108,"column":22},"end":{"line":133,"column":1}},"3":{"start":{"line":135,"column":20},"end":{"line":168,"column":1}},"4":{"start":{"line":170,"column":18},"end":{"line":195,"column":1}},"5":{"start":{"line":197,"column":0},"end":{"line":197,"column":79}}},"fnMap":{},"branchMap":{},"s":{"0":5,"1":5,"2":5,"3":5,"4":5,"5":5},"f":{},"b":{},"_coverageSchema":"1a1c01bbd47fc00a2c39e90264f33305004495a9","hash":"a78ee258cc2fed011a22167c01b4cf619155f983"}
,"/home/hamkam/programming/webd/MPG1/backend/utils/testhelper.js": {"path":"/home/hamkam/programming/webd/MPG1/backend/utils/testhelper.js","statementMap":{"0":{"start":{"line":1,"column":13},"end":{"line":1,"column":39}},"1":{"start":{"line":2,"column":15},"end":{"line":2,"column":32}},"2":{"start":{"line":3,"column":14},"end":{"line":3,"column":40}},"3":{"start":{"line":4,"column":18},"end":{"line":4,"column":50}},"4":{"start":{"line":5,"column":16},"end":{"line":5,"column":45}},"5":{"start":{"line":6,"column":14},"end":{"line":6,"column":42}},"6":{"start":{"line":7,"column":24},"end":{"line":9,"column":1}},"7":{"start":{"line":8,"column":4},"end":{"line":8,"column":43}},"8":{"start":{"line":11,"column":18},"end":{"line":13,"column":1}},"9":{"start":{"line":12,"column":4},"end":{"line":12,"column":31}},"10":{"start":{"line":14,"column":24},"end":{"line":16,"column":1}},"11":{"start":{"line":15,"column":4},"end":{"line":15,"column":36}},"12":{"start":{"line":17,"column":18},"end":{"line":19,"column":1}},"13":{"start":{"line":18,"column":4},"end":{"line":18,"column":32}},"14":{"start":{"line":21,"column":21},"end":{"line":23,"column":1}},"15":{"start":{"line":22,"column":4},"end":{"line":22,"column":34}},"16":{"start":{"line":24,"column":20},"end":{"line":26,"column":1}},"17":{"start":{"line":25,"column":4},"end":{"line":25,"column":32}},"18":{"start":{"line":28,"column":19},"end":{"line":37,"column":1}},"19":{"start":{"line":29,"column":25},"end":{"line":29,"column":56}},"20":{"start":{"line":30,"column":17},"end":{"line":34,"column":6}},"21":{"start":{"line":35,"column":22},"end":{"line":35,"column":39}},"22":{"start":{"line":36,"column":4},"end":{"line":36,"column":21}},"23":{"start":{"line":39,"column":0},"end":{"line":46,"column":2}}},"fnMap":{"0":{"name":"(anonymous_0)","decl":{"start":{"line":7,"column":24},"end":{"line":7,"column":25}},"loc":{"start":{"line":7,"column":44},"end":{"line":9,"column":1}},"line":7},"1":{"name":"(anonymous_1)","decl":{"start":{"line":11,"column":18},"end":{"line":11,"column":19}},"loc":{"start":{"line":11,"column":30},"end":{"line":13,"column":1}},"line":11},"2":{"name":"(anonymous_2)","decl":{"start":{"line":14,"column":24},"end":{"line":14,"column":25}},"loc":{"start":{"line":14,"column":36},"end":{"line":16,"column":1}},"line":14},"3":{"name":"(anonymous_3)","decl":{"start":{"line":17,"column":18},"end":{"line":17,"column":19}},"loc":{"start":{"line":17,"column":30},"end":{"line":19,"column":1}},"line":17},"4":{"name":"(anonymous_4)","decl":{"start":{"line":21,"column":21},"end":{"line":21,"column":22}},"loc":{"start":{"line":21,"column":33},"end":{"line":23,"column":1}},"line":21},"5":{"name":"(anonymous_5)","decl":{"start":{"line":24,"column":20},"end":{"line":24,"column":21}},"loc":{"start":{"line":24,"column":32},"end":{"line":26,"column":1}},"line":24},"6":{"name":"(anonymous_6)","decl":{"start":{"line":28,"column":19},"end":{"line":28,"column":20}},"loc":{"start":{"line":28,"column":60},"end":{"line":37,"column":1}},"line":28}},"branchMap":{},"s":{"0":5,"1":5,"2":5,"3":5,"4":5,"5":5,"6":5,"7":20,"8":5,"9":24,"10":5,"11":31,"12":5,"13":38,"14":5,"15":25,"16":5,"17":17,"18":5,"19":20,"20":20,"21":20,"22":20,"23":5},"f":{"0":20,"1":24,"2":31,"3":38,"4":25,"5":17,"6":20},"b":{},"_coverageSchema":"1a1c01bbd47fc00a2c39e90264f33305004495a9","hash":"e62a22889f709ceca2eb4426477ed7867b855b7e"}
}
