TN:
SF:app.js
FN:32,(anonymous_0)
FN:38,(anonymous_1)
FNF:2
FNH:1
FNDA:5,(anonymous_0)
FNDA:0,(anonymous_1)
DA:3,5
DA:4,5
DA:6,5
DA:8,5
DA:9,5
DA:10,5
DA:11,5
DA:12,5
DA:13,5
DA:15,5
DA:16,5
DA:17,5
DA:18,5
DA:20,5
DA:22,5
DA:23,5
DA:24,5
DA:27,5
DA:33,5
DA:39,0
DA:41,5
DA:42,5
DA:43,5
DA:44,5
DA:45,5
DA:46,5
DA:47,5
DA:48,5
DA:49,5
DA:50,5
LF:30
LH:29
BRF:0
BRH:0
end_of_record
TN:
SF:controllers/commentRouter.js
FN:14,(anonymous_0)
FN:28,(anonymous_1)
FN:35,(anonymous_2)
FN:44,(anonymous_3)
FN:61,(anonymous_4)
FNF:5
FNH:5
FNDA:3,(anonymous_0)
FNDA:1,(anonymous_1)
FNDA:2,(anonymous_2)
FNDA:2,(anonymous_3)
FNDA:1,(anonymous_4)
DA:1,5
DA:2,5
DA:7,5
DA:8,5
DA:10,5
DA:15,3
DA:16,3
DA:21,3
DA:22,2
DA:23,2
DA:24,2
DA:28,5
DA:29,1
DA:33,1
DA:35,5
DA:36,2
DA:37,1
DA:40,5
DA:45,2
DA:53,1
DA:57,5
DA:62,1
DA:63,1
DA:67,5
LF:24
LH:24
BRF:0
BRH:0
end_of_record
TN:
SF:controllers/communityRouter.js
FN:7,(anonymous_0)
FN:18,(anonymous_1)
FN:22,(anonymous_2)
FN:34,(anonymous_3)
FN:56,(anonymous_4)
FNF:5
FNH:5
FNDA:3,(anonymous_0)
FNDA:1,(anonymous_1)
FNDA:3,(anonymous_2)
FNDA:2,(anonymous_3)
FNDA:1,(anonymous_4)
DA:1,5
DA:2,5
DA:3,5
DA:5,5
DA:7,5
DA:8,3
DA:9,3
DA:14,3
DA:15,1
DA:18,5
DA:19,1
DA:20,1
DA:22,5
DA:23,3
DA:24,3
DA:25,2
DA:26,1
DA:28,1
DA:30,5
DA:35,2
DA:36,2
DA:40,2
DA:48,1
DA:52,5
DA:57,1
DA:58,1
DA:59,1
DA:63,5
LF:28
LH:28
BRDA:25,0,0,1
BRDA:25,0,1,1
BRF:2
BRH:2
end_of_record
TN:
SF:controllers/loginRouter.js
FN:8,(anonymous_0)
FNF:1
FNH:1
FNDA:45,(anonymous_0)
DA:1,5
DA:2,5
DA:3,5
DA:4,5
DA:5,5
DA:6,5
DA:8,5
DA:9,45
DA:10,45
DA:11,45
DA:14,45
DA:15,1
DA:17,44
DA:25,44
DA:28,5
LF:15
LH:15
BRDA:11,0,0,1
BRDA:11,0,1,44
BRDA:14,1,0,1
BRDA:14,1,1,44
BRDA:14,2,0,45
BRDA:14,2,1,44
BRF:6
BRH:6
end_of_record
TN:
SF:controllers/postsRouter.js
FN:13,(anonymous_0)
FN:20,(anonymous_1)
FN:33,(anonymous_2)
FN:54,(anonymous_3)
FN:72,(anonymous_4)
FN:79,(anonymous_5)
FN:99,(anonymous_6)
FNF:7
FNH:7
FNDA:1,(anonymous_0)
FNDA:2,(anonymous_1)
FNDA:3,(anonymous_2)
FNDA:3,(anonymous_3)
FNDA:14,(anonymous_4)
FNDA:7,(anonymous_5)
FNDA:1,(anonymous_6)
DA:4,5
DA:5,5
DA:10,5
DA:11,5
DA:13,5
DA:14,1
DA:17,1
DA:20,5
DA:21,2
DA:22,2
DA:23,1
DA:24,0
DA:26,1
DA:29,5
DA:34,3
DA:41,3
DA:42,1
DA:43,1
DA:44,1
DA:45,1
DA:46,1
DA:50,5
DA:55,3
DA:60,3
DA:68,1
DA:72,5
DA:73,14
DA:74,14
DA:75,14
DA:76,0
DA:78,14
DA:79,7
DA:81,14
DA:82,10
DA:87,4
DA:88,4
DA:90,14
DA:91,14
DA:92,14
DA:95,5
DA:100,1
DA:101,1
DA:105,5
LF:43
LH:41
BRDA:23,0,0,0
BRDA:23,0,1,1
BRDA:75,1,0,0
BRDA:75,1,1,14
BRDA:81,2,0,10
BRDA:81,2,1,4
BRF:6
BRH:4
end_of_record
TN:
SF:controllers/replyRouter.js
FN:17,(anonymous_0)
FN:40,(anonymous_1)
FN:57,(anonymous_2)
FNF:3
FNH:3
FNDA:3,(anonymous_0)
FNDA:2,(anonymous_1)
FNDA:1,(anonymous_2)
DA:1,5
DA:2,5
DA:4,5
DA:10,5
DA:11,5
DA:13,5
DA:18,3
DA:19,3
DA:20,3
DA:21,0
DA:23,3
DA:29,3
DA:30,2
DA:31,2
DA:32,2
DA:36,5
DA:41,2
DA:49,1
DA:53,5
DA:58,1
DA:59,1
DA:63,5
LF:22
LH:21
BRDA:20,0,0,0
BRDA:20,0,1,3
BRF:2
BRH:1
end_of_record
TN:
SF:controllers/userRouter.js
FN:27,(anonymous_0)
FN:51,(anonymous_1)
FNF:2
FNH:1
FNDA:12,(anonymous_0)
FNDA:0,(anonymous_1)
DA:1,5
DA:2,5
DA:3,5
DA:4,5
DA:5,5
DA:7,5
DA:8,5
DA:25,5
DA:27,5
DA:28,12
DA:29,12
DA:30,5
DA:33,7
DA:36,7
DA:37,3
DA:40,4
DA:41,4
DA:42,4
DA:47,4
DA:48,1
DA:51,5
DA:52,0
DA:56,0
DA:59,5
LF:24
LH:22
BRDA:29,0,0,5
BRDA:29,0,1,7
BRDA:29,1,0,12
BRDA:29,1,1,12
BRDA:36,2,0,3
BRDA:36,2,1,4
BRF:6
BRH:6
end_of_record
TN:
SF:models/comments.js
FN:33,(anonymous_0)
FNF:1
FNH:1
FNDA:7,(anonymous_0)
DA:1,5
DA:2,5
DA:4,5
DA:31,5
DA:32,5
DA:34,7
DA:35,7
DA:36,7
DA:40,5
DA:42,5
LF:10
LH:10
BRF:0
BRH:0
end_of_record
TN:
SF:models/communities.js
FN:46,(anonymous_0)
FNF:1
FNH:1
FNDA:7,(anonymous_0)
DA:3,5
DA:4,5
DA:6,5
DA:43,5
DA:45,5
DA:47,7
DA:48,7
DA:49,7
DA:53,5
DA:55,5
LF:10
LH:10
BRF:0
BRH:0
end_of_record
TN:
SF:models/posts.js
FN:51,(anonymous_0)
FNF:1
FNH:1
FNDA:6,(anonymous_0)
DA:3,5
DA:4,5
DA:6,5
DA:49,5
DA:50,5
DA:52,6
DA:53,6
DA:54,6
DA:58,5
DA:60,5
LF:10
LH:10
BRF:0
BRH:0
end_of_record
TN:
SF:models/replies.js
FN:28,(anonymous_0)
FNF:1
FNH:1
FNDA:3,(anonymous_0)
DA:1,5
DA:2,5
DA:4,5
DA:26,5
DA:27,5
DA:29,3
DA:30,3
DA:31,3
DA:35,5
DA:37,5
LF:10
LH:10
BRF:0
BRH:0
end_of_record
TN:
SF:models/users.js
FN:43,(anonymous_0)
FNF:1
FNH:1
FNDA:1,(anonymous_0)
DA:1,5
DA:2,5
DA:4,5
DA:41,5
DA:42,5
DA:44,1
DA:45,1
DA:46,1
DA:47,1
DA:51,5
DA:52,5
LF:11
LH:11
BRF:0
BRH:0
end_of_record
TN:
SF:utils/config.js
FNF:0
FNH:0
DA:1,5
DA:3,5
LF:2
LH:2
BRDA:6,0,0,5
BRDA:6,0,1,0
BRF:2
BRH:1
end_of_record
TN:
SF:utils/logger.js
FN:1,(anonymous_0)
FN:7,(anonymous_1)
FNF:2
FNH:2
FNDA:5,(anonymous_0)
FNDA:42,(anonymous_1)
DA:1,5
DA:2,5
DA:3,0
DA:7,5
DA:8,42
DA:9,0
DA:13,5
LF:7
LH:5
BRDA:2,0,0,0
BRDA:2,0,1,5
BRDA:8,1,0,0
BRDA:8,1,1,42
BRF:4
BRH:2
end_of_record
TN:
SF:utils/middleware.js
FN:10,(anonymous_0)
FN:35,(anonymous_1)
FN:39,(anonymous_2)
FN:49,(anonymous_3)
FN:60,(anonymous_4)
FN:74,(anonymous_5)
FN:78,(anonymous_6)
FN:83,(anonymous_7)
FN:88,(anonymous_8)
FNF:9
FNH:8
FNDA:42,(anonymous_0)
FNDA:0,(anonymous_1)
FNDA:121,(anonymous_2)
FNDA:54,(anonymous_3)
FNDA:30,(anonymous_4)
FNDA:8,(anonymous_5)
FNDA:9,(anonymous_6)
FNDA:8,(anonymous_7)
FNDA:5,(anonymous_8)
DA:1,5
DA:2,5
DA:3,5
DA:4,5
DA:5,5
DA:6,5
DA:7,5
DA:8,5
DA:10,5
DA:11,42
DA:12,42
DA:13,3
DA:14,39
DA:15,14
DA:16,25
DA:17,9
DA:20,16
DA:21,1
DA:22,15
DA:26,15
DA:29,0
DA:30,0
DA:32,0
DA:35,5
DA:36,0
DA:39,5
DA:40,121
DA:42,121
DA:46,121
DA:49,5
DA:51,54
DA:52,54
DA:53,7
DA:55,47
DA:56,47
DA:57,47
DA:60,5
DA:61,30
DA:62,30
DA:63,30
DA:64,0
DA:65,30
DA:69,8
DA:71,22
DA:74,5
DA:75,8
DA:76,6
DA:78,5
DA:79,9
DA:80,7
DA:83,5
DA:84,8
DA:85,6
DA:88,5
DA:89,5
DA:90,3
DA:93,5
LF:57
LH:52
BRDA:12,0,0,3
BRDA:12,0,1,39
BRDA:14,1,0,14
BRDA:14,1,1,25
BRDA:14,2,0,39
BRDA:14,2,1,25
BRDA:16,3,0,9
BRDA:16,3,1,16
BRDA:18,4,0,9
BRDA:18,4,1,1
BRDA:20,5,0,1
BRDA:20,5,1,15
BRDA:22,6,0,15
BRDA:22,6,1,0
BRDA:23,7,0,15
BRDA:23,7,1,7
BRDA:29,8,0,0
BRDA:29,8,1,0
BRDA:43,9,0,47
BRDA:43,9,1,74
BRDA:43,10,0,121
BRDA:43,10,1,47
BRDA:51,11,0,47
BRDA:51,11,1,7
BRDA:52,12,0,7
BRDA:52,12,1,47
BRDA:52,13,0,54
BRDA:52,13,1,47
BRDA:61,14,0,30
BRDA:61,14,1,9
BRDA:63,15,0,0
BRDA:63,15,1,30
BRDA:65,16,0,8
BRDA:65,16,1,22
BRDA:66,17,0,30
BRDA:66,17,1,21
BRF:36
BRH:32
end_of_record
TN:
SF:utils/testDummyData.js
FNF:0
FNH:0
DA:1,5
DA:74,5
DA:108,5
DA:135,5
DA:170,5
DA:197,5
LF:6
LH:6
BRF:0
BRH:0
end_of_record
TN:
SF:utils/testhelper.js
FN:7,(anonymous_0)
FN:11,(anonymous_1)
FN:14,(anonymous_2)
FN:17,(anonymous_3)
FN:21,(anonymous_4)
FN:24,(anonymous_5)
FN:28,(anonymous_6)
FNF:7
FNH:7
FNDA:20,(anonymous_0)
FNDA:24,(anonymous_1)
FNDA:31,(anonymous_2)
FNDA:38,(anonymous_3)
FNDA:25,(anonymous_4)
FNDA:17,(anonymous_5)
FNDA:20,(anonymous_6)
DA:1,5
DA:2,5
DA:3,5
DA:4,5
DA:5,5
DA:6,5
DA:7,5
DA:8,20
DA:11,5
DA:12,24
DA:14,5
DA:15,31
DA:17,5
DA:18,38
DA:21,5
DA:22,25
DA:24,5
DA:25,17
DA:28,5
DA:29,20
DA:30,20
DA:35,20
DA:36,20
DA:39,5
LF:24
LH:24
BRF:0
BRH:0
end_of_record
